2023.07.01 14:49:43 INFO  Started: Metals version 0.11.12 in workspace 'C:\Users\USER\Documents\UOC\2nd Year- 1st Semester\SCS-2204_Functional Programming\Tutorial_4' for client Visual Studio Code 1.79.2.
Jul 01, 2023 2:49:43 PM org.flywaydb.core.internal.license.VersionPrinter printVersionOnly
INFO: Flyway Community Edition 9.16.3 by Redgate
Jul 01, 2023 2:49:43 PM org.flywaydb.core.internal.license.VersionPrinter printVersion
INFO: See release notes here: https://rd.gt/416ObMi
Jul 01, 2023 2:49:43 PM org.flywaydb.core.internal.license.VersionPrinter printVersion
INFO: 
Jul 01, 2023 2:49:43 PM org.flywaydb.core.internal.database.base.BaseDatabaseType createDatabase
INFO: Database: jdbc:h2:file:C:\Users\USER\Documents\UOC\2nd Year- 1st Semester\SCS-2204_Functional Programming\Tutorial_4\.metals\metals (H2 2.1)
Jul 01, 2023 2:49:43 PM org.flywaydb.core.internal.schemahistory.JdbcTableSchemaHistory allAppliedMigrations
INFO: Schema history table "PUBLIC"."flyway_schema_history" does not exist yet
Jul 01, 2023 2:49:43 PM org.flywaydb.core.internal.command.DbValidate validate
INFO: Successfully validated 4 migrations (execution time 00:00.024s)
Jul 01, 2023 2:49:43 PM org.flywaydb.core.internal.schemahistory.JdbcTableSchemaHistory create
INFO: Creating Schema History table "PUBLIC"."flyway_schema_history" ...
Jul 01, 2023 2:49:43 PM org.flywaydb.core.internal.command.DbMigrate migrateGroup
INFO: Current version of schema "PUBLIC": << Empty Schema >>
Jul 01, 2023 2:49:43 PM org.flywaydb.core.internal.command.DbMigrate doMigrateGroup
INFO: Migrating schema "PUBLIC" to version "1 - Create tables"
Jul 01, 2023 2:49:43 PM org.flywaydb.core.internal.command.DbMigrate doMigrateGroup
INFO: Migrating schema "PUBLIC" to version "2 - Server discovery"
Jul 01, 2023 2:49:43 PM org.flywaydb.core.internal.command.DbMigrate doMigrateGroup
INFO: Migrating schema "PUBLIC" to version "3 - Jar symbols"
Jul 01, 2023 2:49:44 PM org.flywaydb.core.internal.command.DbMigrate doMigrateGroup
INFO: Migrating schema "PUBLIC" to version "4 - Fingerprints"
Jul 01, 2023 2:49:44 PM org.flywaydb.core.internal.command.DbMigrate logSummary
INFO: Successfully applied 4 migrations to schema "PUBLIC", now at version v4 (execution time 00:00.083s)
2023.07.01 14:49:44 INFO  time: initialize in 0.78s
2023.07.01 14:49:46 WARN  Build server is not auto-connectable.
2023.07.01 14:49:46 WARN  no build tool detected in workspace 'C:\Users\USER\Documents\UOC\2nd Year- 1st Semester\SCS-2204_Functional Programming\Tutorial_4'. The most common cause for this problem is that the editor was opened in the wrong working directory, for example if you use sbt then the workspace directory should contain build.sbt. 
2023.07.01 14:49:46 WARN  no build target for: C:\Users\USER\Documents\UOC\2nd Year- 1st Semester\SCS-2204_Functional Programming\Tutorial_4\Q1.scala
2023.07.01 14:50:11 INFO  no build target found for C:\Users\USER\Documents\UOC\2nd Year- 1st Semester\SCS-2204_Functional Programming\Tutorial_4\Q1.scala. Using presentation compiler with project's scala-library version: 3.2.2
Jul 01, 2023 2:50:11 PM org.eclipse.lsp4j.jsonrpc.RemoteEndpoint handleCancellation
WARNING: Unmatched cancel notification for request id 15
Jul 01, 2023 2:50:11 PM org.eclipse.lsp4j.jsonrpc.RemoteEndpoint handleCancellation
WARNING: Unmatched cancel notification for request id 19
Jul 01, 2023 2:50:11 PM org.eclipse.lsp4j.jsonrpc.RemoteEndpoint handleCancellation
WARNING: Unmatched cancel notification for request id 29
Jul 01, 2023 2:50:12 PM org.eclipse.lsp4j.jsonrpc.RemoteEndpoint handleCancellation
WARNING: Unmatched cancel notification for request id 46
Jul 01, 2023 2:50:12 PM org.eclipse.lsp4j.jsonrpc.RemoteEndpoint handleCancellation
WARNING: Unmatched cancel notification for request id 43
2023.07.01 14:50:13 INFO  time: code lens generation in 1.38s
2023.07.01 14:50:13 INFO  time: code lens generation in 1.2s
2023.07.01 14:50:13 INFO  time: code lens generation in 1.56s
2023.07.01 14:50:13 INFO  time: code lens generation in 1.36s
2023.07.01 14:50:13 INFO  time: code lens generation in 1.33s
2023.07.01 14:50:13 INFO  time: code lens generation in 1.3s
2023.07.01 14:50:13 INFO  time: code lens generation in 1.32s
2023.07.01 14:50:13 INFO  time: code lens generation in 1.51s
2023.07.01 14:50:13 INFO  time: code lens generation in 1.52s
2023.07.01 14:50:13 INFO  time: code lens generation in 1.27s
2023.07.01 14:50:13 INFO  time: code lens generation in 26s
2023.07.01 14:50:33 WARN  no build target for: C:\Users\USER\Documents\UOC\2nd Year- 1st Semester\SCS-2204_Functional Programming\Tutorial_4\Q1.scala
Jul 01, 2023 2:58:13 PM org.eclipse.lsp4j.jsonrpc.RemoteEndpoint handleCancellation
WARNING: Unmatched cancel notification for request id 198
Jul 01, 2023 3:00:10 PM org.eclipse.lsp4j.jsonrpc.RemoteEndpoint handleCancellation
WARNING: Unmatched cancel notification for request id 239
Jul 01, 2023 3:01:11 PM org.eclipse.lsp4j.jsonrpc.RemoteEndpoint handleCancellation
WARNING: Unmatched cancel notification for request id 417
Jul 01, 2023 3:01:44 PM org.eclipse.lsp4j.jsonrpc.RemoteEndpoint handleCancellation
WARNING: Unmatched cancel notification for request id 448
Jul 01, 2023 3:02:47 PM org.eclipse.lsp4j.jsonrpc.RemoteEndpoint handleCancellation
WARNING: Unmatched cancel notification for request id 696
Jul 01, 2023 3:04:42 PM org.eclipse.lsp4j.jsonrpc.RemoteEndpoint handleCancellation
WARNING: Unmatched cancel notification for request id 961
Jul 01, 2023 3:05:20 PM org.eclipse.lsp4j.jsonrpc.RemoteEndpoint handleCancellation
WARNING: Unmatched cancel notification for request id 1104
Jul 01, 2023 3:06:28 PM org.eclipse.lsp4j.jsonrpc.RemoteEndpoint handleCancellation
WARNING: Unmatched cancel notification for request id 1335
2023.07.01 15:06:48 WARN  no build target for: C:\Users\USER\Documents\UOC\2nd Year- 1st Semester\SCS-2204_Functional Programming\Tutorial_4\Q1.scala
2023.07.01 15:07:57 WARN  no build target for: C:\Users\USER\Documents\UOC\2nd Year- 1st Semester\SCS-2204_Functional Programming\Tutorial_4\Q1.scala
2023.07.01 15:09:04 WARN  no build target for: C:\Users\USER\Documents\UOC\2nd Year- 1st Semester\SCS-2204_Functional Programming\Tutorial_4\Q1.scala
2023.07.01 15:10:06 WARN  no build target for: C:\Users\USER\Documents\UOC\2nd Year- 1st Semester\SCS-2204_Functional Programming\Tutorial_4\Q2.scala
Jul 01, 2023 3:36:29 PM org.eclipse.lsp4j.jsonrpc.RemoteEndpoint handleCancellation
WARNING: Unmatched cancel notification for request id 1789
Jul 01, 2023 3:38:11 PM org.eclipse.lsp4j.jsonrpc.RemoteEndpoint handleCancellation
WARNING: Unmatched cancel notification for request id 2182
Jul 01, 2023 3:38:39 PM scala.meta.internal.pc.CompilerAccess handleError
SEVERE: NoDenotation.owner
java.lang.AssertionError: NoDenotation.owner
	at dotty.tools.dotc.core.SymDenotations$NoDenotation$.owner(SymDenotations.scala:2511)
	at scala.meta.internal.pc.SignatureHelpProvider$.isValid(SignatureHelpProvider.scala:83)
	at scala.meta.internal.pc.SignatureHelpProvider$.notCurrentApply(SignatureHelpProvider.scala:94)
	at scala.meta.internal.pc.SignatureHelpProvider$.$anonfun$1(SignatureHelpProvider.scala:48)
	at scala.collection.StrictOptimizedLinearSeqOps.loop$3(LinearSeq.scala:280)
	at scala.collection.StrictOptimizedLinearSeqOps.dropWhile(LinearSeq.scala:282)
	at scala.collection.StrictOptimizedLinearSeqOps.dropWhile$(LinearSeq.scala:278)
	at scala.collection.immutable.List.dropWhile(List.scala:79)
	at scala.meta.internal.pc.SignatureHelpProvider$.signatureHelp(SignatureHelpProvider.scala:48)

Jul 01, 2023 3:39:00 PM org.eclipse.lsp4j.jsonrpc.RemoteEndpoint handleCancellation
WARNING: Unmatched cancel notification for request id 2311
2023.07.01 15:41:40 WARN  no build target for: C:\Users\USER\Documents\UOC\2nd Year- 1st Semester\SCS-2204_Functional Programming\Tutorial_4\Q2.scala
2023.07.01 15:43:13 WARN  no build target for: C:\Users\USER\Documents\UOC\2nd Year- 1st Semester\SCS-2204_Functional Programming\Tutorial_4\Q3.scala
Jul 01, 2023 3:44:59 PM org.eclipse.lsp4j.jsonrpc.RemoteEndpoint handleCancellation
WARNING: Unmatched cancel notification for request id 2927
2023.07.01 15:55:19 WARN  no build target for: C:\Users\USER\Documents\UOC\2nd Year- 1st Semester\SCS-2204_Functional Programming\Tutorial_4\Q3.scala
Jul 01, 2023 3:55:56 PM scala.meta.internal.pc.CompilerAccess handleError
SEVERE: Comparison method violates its general contract!
java.lang.IllegalArgumentException: Comparison method violates its general contract!
	at java.base/java.util.TimSort.mergeLo(TimSort.java:781)
	at java.base/java.util.TimSort.mergeAt(TimSort.java:518)
	at java.base/java.util.TimSort.mergeForceCollapse(TimSort.java:461)
	at java.base/java.util.TimSort.sort(TimSort.java:254)
	at java.base/java.util.Arrays.sort(Arrays.java:1233)
	at scala.collection.SeqOps.sorted(Seq.scala:727)
	at scala.collection.SeqOps.sorted$(Seq.scala:719)
	at scala.collection.immutable.List.scala$collection$immutable$StrictOptimizedSeqOps$$super$sorted(List.scala:79)
	at scala.collection.immutable.StrictOptimizedSeqOps.sorted(StrictOptimizedSeqOps.scala:78)
	at scala.collection.immutable.StrictOptimizedSeqOps.sorted$(StrictOptimizedSeqOps.scala:78)
	at scala.collection.immutable.List.sorted(List.scala:79)
	at scala.meta.internal.pc.completions.Completions.completions(Completions.scala:215)
	at scala.meta.internal.pc.completions.CompletionProvider.completions(CompletionProvider.scala:86)

2023.07.01 15:56:00 WARN  no build target for: C:\Users\USER\Documents\UOC\2nd Year- 1st Semester\SCS-2204_Functional Programming\Tutorial_4\Q3.scala
2023.07.01 15:56:22 WARN  no build target for: C:\Users\USER\Documents\UOC\2nd Year- 1st Semester\SCS-2204_Functional Programming\Tutorial_4\Q3.scala
Jul 01, 2023 3:56:35 PM org.eclipse.lsp4j.jsonrpc.RemoteEndpoint handleCancellation
WARNING: Unmatched cancel notification for request id 3320
Jul 01, 2023 3:56:42 PM org.eclipse.lsp4j.jsonrpc.RemoteEndpoint handleCancellation
WARNING: Unmatched cancel notification for request id 3343
Jul 01, 2023 3:56:47 PM org.eclipse.lsp4j.jsonrpc.RemoteEndpoint handleCancellation
WARNING: Unmatched cancel notification for request id 3350
2023.07.01 15:57:06 WARN  no build target for: C:\Users\USER\Documents\UOC\2nd Year- 1st Semester\SCS-2204_Functional Programming\Tutorial_4\Q3.scala
Jul 01, 2023 3:57:14 PM org.eclipse.lsp4j.jsonrpc.RemoteEndpoint handleCancellation
WARNING: Unmatched cancel notification for request id 3404
Jul 01, 2023 4:09:03 PM org.eclipse.lsp4j.jsonrpc.RemoteEndpoint handleCancellation
WARNING: Unmatched cancel notification for request id 3745
Jul 01, 2023 6:17:13 PM org.eclipse.lsp4j.jsonrpc.RemoteEndpoint handleCancellation
WARNING: Unmatched cancel notification for request id 4020
Jul 01, 2023 6:19:04 PM org.eclipse.lsp4j.jsonrpc.RemoteEndpoint handleCancellation
WARNING: Unmatched cancel notification for request id 4328
Jul 01, 2023 6:19:05 PM org.eclipse.lsp4j.jsonrpc.RemoteEndpoint handleCancellation
WARNING: Unmatched cancel notification for request id 4336
Jul 01, 2023 6:32:05 PM org.eclipse.lsp4j.jsonrpc.RemoteEndpoint handleCancellation
WARNING: Unmatched cancel notification for request id 5189
Jul 01, 2023 6:34:08 PM org.eclipse.lsp4j.jsonrpc.RemoteEndpoint handleCancellation
WARNING: Unmatched cancel notification for request id 5240
2023.07.01 18:37:03 WARN  no build target for: C:\Users\USER\Documents\UOC\2nd Year- 1st Semester\SCS-2204_Functional Programming\Tutorial_4\Q3.scala
Jul 01, 2023 6:37:37 PM org.eclipse.lsp4j.jsonrpc.RemoteEndpoint handleCancellation
WARNING: Unmatched cancel notification for request id 5808
2023.07.01 18:38:29 WARN  no build target for: C:\Users\USER\Documents\UOC\2nd Year- 1st Semester\SCS-2204_Functional Programming\Tutorial_3\Q1.scala
Jul 01, 2023 6:38:30 PM org.eclipse.lsp4j.jsonrpc.services.GenericEndpoint notify
INFO: Unsupported notification method: $/setTrace
2023.07.01 18:38:54 WARN  no build target for: C:\Users\USER\Documents\UOC\2nd Year- 1st Semester\SCS-2204_Functional Programming\Tutorial_3\Q2.scala
Jul 01, 2023 6:40:46 PM org.eclipse.lsp4j.jsonrpc.RemoteEndpoint handleCancellation
WARNING: Unmatched cancel notification for request id 6266
Jul 01, 2023 6:40:54 PM org.eclipse.lsp4j.jsonrpc.RemoteEndpoint handleCancellation
WARNING: Unmatched cancel notification for request id 6308
2023.07.01 18:41:32 WARN  no build target for: C:\Users\USER\Documents\UOC\2nd Year- 1st Semester\SCS-2204_Functional Programming\Tutorial_3\Q2.scala
Jul 01, 2023 6:43:00 PM org.eclipse.lsp4j.jsonrpc.RemoteEndpoint handleCancellation
WARNING: Unmatched cancel notification for request id 6398
2023.07.01 18:46:11 WARN  no build target for: C:\Users\USER\Documents\UOC\2nd Year- 1st Semester\SCS-2204_Functional Programming\Tutorial_4\Q3.scala
2023.07.01 18:47:30 WARN  no build target for: C:\Users\USER\Documents\UOC\2nd Year- 1st Semester\SCS-2204_Functional Programming\Tutorial_4\Q3.scala
Jul 01, 2023 6:48:12 PM org.eclipse.lsp4j.jsonrpc.RemoteEndpoint handleCancellation
WARNING: Unmatched cancel notification for request id 6902
Jul 01, 2023 6:48:12 PM org.eclipse.lsp4j.jsonrpc.RemoteEndpoint handleCancellation
WARNING: Unmatched cancel notification for request id 6905
Jul 01, 2023 6:49:59 PM org.eclipse.lsp4j.jsonrpc.RemoteEndpoint handleCancellation
WARNING: Unmatched cancel notification for request id 6931
2023.07.01 18:51:23 WARN  no build target for: C:\Users\USER\Documents\UOC\2nd Year- 1st Semester\SCS-2204_Functional Programming\Tutorial_4\Q3.scala
Jul 01, 2023 6:52:46 PM org.eclipse.lsp4j.jsonrpc.RemoteEndpoint handleCancellation
WARNING: Unmatched cancel notification for request id 7070
2023.07.01 18:54:10 WARN  no build target for: C:\Users\USER\Documents\UOC\2nd Year- 1st Semester\SCS-2204_Functional Programming\Tutorial_4\Q3.scala
2023.07.01 18:56:50 WARN  no build target for: C:\Users\USER\Documents\UOC\2nd Year- 1st Semester\SCS-2204_Functional Programming\Tutorial_4\Q3.scala
Jul 01, 2023 6:58:46 PM org.eclipse.lsp4j.jsonrpc.RemoteEndpoint handleCancellation
WARNING: Unmatched cancel notification for request id 7298
2023.07.01 19:01:05 WARN  no build target for: C:\Users\USER\Documents\UOC\2nd Year- 1st Semester\SCS-2204_Functional Programming\Tutorial_4\Q3.scala
2023.07.01 19:01:31 WARN  no build target for: C:\Users\USER\Documents\UOC\2nd Year- 1st Semester\SCS-2204_Functional Programming\Tutorial_4\Q3.scala
Jul 01, 2023 7:02:01 PM org.eclipse.lsp4j.jsonrpc.RemoteEndpoint handleCancellation
WARNING: Unmatched cancel notification for request id 7415
2023.07.01 19:02:30 WARN  no build target for: C:\Users\USER\Documents\UOC\2nd Year- 1st Semester\SCS-2204_Functional Programming\Tutorial_4\Q3.scala
2023.07.01 19:02:53 WARN  no build target for: C:\Users\USER\Documents\UOC\2nd Year- 1st Semester\SCS-2204_Functional Programming\Tutorial_4\Q3.scala
2023.07.01 19:04:31 WARN  no build target for: C:\Users\USER\Documents\UOC\2nd Year- 1st Semester\SCS-2204_Functional Programming\Tutorial_4\Q3.scala
2023.07.01 19:05:11 WARN  no build target for: C:\Users\USER\Documents\UOC\2nd Year- 1st Semester\SCS-2204_Functional Programming\Tutorial_4\Q3.scala
2023.07.01 19:05:46 INFO  Shutting down server
2023.07.01 19:05:46 INFO  shutting down Metals
2023.07.01 19:05:46 INFO  Exiting server
